<?xml version="1.0" encoding="UTF-8"?>
<testsuites>
    <testsuite name="force.apex" timestamp="2020-12-22T13:49:20-03:00" hostname="https://mindful-fox-nzaknp-dev-ed.my.salesforce.com" tests="1" failures="1"  errors="0"  time="0.3">
        <properties>
            <property name="outcome" value="Failed"/>
            <property name="testsRan" value="1"/>
            <property name="passing" value="0"/>
            <property name="failing" value="1"/>
            <property name="skipped" value="0"/>
            <property name="passRate" value="0%"/>
            <property name="failRate" value="100%"/>
            <property name="testStartTime" value="Dec 22, 2020 1:49 PM"/>
            <property name="testExecutionTime" value="0.3 s"/>
            <property name="testTotalTime" value="0.3 s"/>
            <property name="commandTime" value="5.67 s"/>
            <property name="hostname" value="https://mindful-fox-nzaknp-dev-ed.my.salesforce.com"/>
            <property name="orgId" value="00D4x00000312ujEAA"/>
            <property name="username" value="henrique_nitatori@mindful-fox-nzaknp.com"/>
            <property name="testRunId" value="7074x000005uoTm"/>
            <property name="userId" value="0054x0000027d4KAAQ"/>
        </properties>
        <testcase name="givenProjectUpdateWhenUpdateTypeAndStatusWhenExpectedProjectObject" classname="ProjectRepositoryTest" time="0.3">
            <failure message="System.DmlException: Update failed. First exception on row 0 with id a044x000002fYTaAAM; first error: CANNOT_INSERT_UPDATE_ACTIVATE_ENTITY, Project: execution of AfterUpdate

caused by: System.CalloutException: Callout from triggers are currently not supported.

Class.PostProjectOutBoundService.postProject: line 23, column 1
Class.PostProjectOutBoundService.sendProject: line 13, column 1
Class.FilterIntegrationProjects.filterProjectTypeAndStatus: line 14, column 1
Class.ProjectTH.afterUpdate: line 21, column 1
Class.TriggerHandler.run: line 57, column 1
Trigger.Project: line 6, column 1: []"><![CDATA[Class.ProjectRepository.projectUpdate: line 12, column 1
Class.ProjectRepositoryTest.givenProjectUpdateWhenUpdateTypeAndStatusWhenExpectedProjectObject: line 35, column 1]]></failure>
        </testcase>
    </testsuite>
</testsuites>
