<?xml version="1.0" encoding="UTF-8"?>
<testsuites>
    <testsuite name="force.apex" timestamp="2020-12-22T10:42:28-03:00" hostname="https://mindful-fox-nzaknp-dev-ed.my.salesforce.com" tests="1" failures="1"  errors="0"  time="0.03">
        <properties>
            <property name="outcome" value="Failed"/>
            <property name="testsRan" value="1"/>
            <property name="passing" value="0"/>
            <property name="failing" value="1"/>
            <property name="skipped" value="0"/>
            <property name="passRate" value="0%"/>
            <property name="failRate" value="100%"/>
            <property name="testStartTime" value="Dec 22, 2020 10:42 AM"/>
            <property name="testExecutionTime" value="0.03 s"/>
            <property name="testTotalTime" value="0.03 s"/>
            <property name="commandTime" value="5.47 s"/>
            <property name="hostname" value="https://mindful-fox-nzaknp-dev-ed.my.salesforce.com"/>
            <property name="orgId" value="00D4x00000312ujEAA"/>
            <property name="username" value="henrique_nitatori@mindful-fox-nzaknp.com"/>
            <property name="testRunId" value="7074x000005ujAt"/>
            <property name="userId" value="0054x0000027d4KAAQ"/>
        </properties>
        <testcase name="givenSendProjectWhenPostProjectForSistemaLegadoThenExpectedReturnSucess" classname="PostProjectOutBoundServiceTest" time="0.03">
            <failure message="System.JSONException: Unexpected character (&#39;L&#39; (code 76)): was expecting double-quote to start field name at [line:1, column:229]"><![CDATA[Class.System.JSON.deserialize: line 15, column 1
Class.ProjectFixeFactory.fromJson: line 41, column 1
Class.ProjectFixeFactory.newDefaultProject: line 37, column 1
Class.ProjectFixeFactory.newProject: line 8, column 1
Class.PostProjectOutBoundServiceTest.givenSendProjectWhenPostProjectForSistemaLegadoThenExpectedReturnSucess: line 12, column 1]]></failure>
        </testcase>
    </testsuite>
</testsuites>
