<?xml version="1.0" encoding="UTF-8"?>
<testsuites>
    <testsuite name="force.apex" timestamp="2020-12-22T16:06:04-03:00" hostname="https://mindful-fox-nzaknp-dev-ed.my.salesforce.com" tests="1" failures="1"  errors="0"  time="0.03">
        <properties>
            <property name="outcome" value="Failed"/>
            <property name="testsRan" value="1"/>
            <property name="passing" value="0"/>
            <property name="failing" value="1"/>
            <property name="skipped" value="0"/>
            <property name="passRate" value="0%"/>
            <property name="failRate" value="100%"/>
            <property name="testStartTime" value="Dec 22, 2020 4:06 PM"/>
            <property name="testExecutionTime" value="0.03 s"/>
            <property name="testTotalTime" value="0.03 s"/>
            <property name="commandTime" value="5.58 s"/>
            <property name="hostname" value="https://mindful-fox-nzaknp-dev-ed.my.salesforce.com"/>
            <property name="orgId" value="00D4x00000312ujEAA"/>
            <property name="username" value="henrique_nitatori@mindful-fox-nzaknp.com"/>
            <property name="testRunId" value="7074x000005uptV"/>
            <property name="userId" value="0054x0000027d4KAAQ"/>
        </properties>
        <testcase name="givenFilterProjectTypeAndStatusWhenStatusIniciadoAndTypeEnterpriseThenReturnModifyObject" classname="FilterIntegrationProjectsTest" time="0.03">
            <failure message="System.ListException: List index out of bounds: 0"><![CDATA[Class.FilterIntegrationProjectsTest.givenFilterProjectTypeAndStatusWhenStatusIniciadoAndTypeEnterpriseThenReturnModifyObject: line 21, column 1]]></failure>
        </testcase>
    </testsuite>
</testsuites>
